<?xml version="1.0" encoding="UTF-8"?>
<coverage generated="1532538682">
  <project timestamp="1532538682">
    <package name="Tests\Client">
      <file name="/home/carlossouza/cf/atlas-web-framework-feedback-survey/src/Tests/Client/AnswerHttpTest.php">
        <class name="Tests\Client\AnswerHttpTest" namespace="Tests\Client">
          <metrics complexity="2" methods="2" coveredmethods="1" conditionals="0" coveredconditionals="0" statements="19" coveredstatements="18" elements="21" coveredelements="19"/>
        </class>
        <line num="13" type="method" name="testGetSurveyByRealm" visibility="public" complexity="1" crap="1" count="1"/>
        <line num="16" type="stmt" count="1"/>
        <line num="25" type="stmt" count="1"/>
        <line num="26" type="stmt" count="1"/>
        <line num="27" type="stmt" count="1"/>
        <line num="28" type="stmt" count="1"/>
        <line num="30" type="stmt" count="1"/>
        <line num="32" type="stmt" count="1"/>
        <line num="33" type="stmt" count="1"/>
        <line num="34" type="stmt" count="1"/>
        <line num="36" type="stmt" count="1"/>
        <line num="38" type="method" name="testGetSurveyByIdError" visibility="public" complexity="1" crap="1.00" count="1"/>
        <line num="41" type="stmt" count="1"/>
        <line num="50" type="stmt" count="1"/>
        <line num="51" type="stmt" count="1"/>
        <line num="52" type="stmt" count="1"/>
        <line num="53" type="stmt" count="1"/>
        <line num="55" type="stmt" count="1"/>
        <line num="57" type="stmt" count="1"/>
        <line num="58" type="stmt" count="1"/>
        <line num="60" type="stmt" count="0"/>
        <metrics loc="61" ncloc="61" classes="1" methods="2" coveredmethods="1" conditionals="0" coveredconditionals="0" statements="19" coveredstatements="18" elements="21" coveredelements="19"/>
      </file>
      <file name="/home/carlossouza/cf/atlas-web-framework-feedback-survey/src/Tests/Client/AnswerTest.php">
        <class name="Tests\Client\AnswerTest" namespace="Tests\Client">
          <metrics complexity="2" methods="2" coveredmethods="2" conditionals="0" coveredconditionals="0" statements="18" coveredstatements="18" elements="20" coveredelements="20"/>
        </class>
        <line num="12" type="method" name="testPostAnswer" visibility="public" complexity="1" crap="1" count="1"/>
        <line num="15" type="stmt" count="1"/>
        <line num="25" type="stmt" count="1"/>
        <line num="26" type="stmt" count="1"/>
        <line num="27" type="stmt" count="1"/>
        <line num="28" type="stmt" count="1"/>
        <line num="29" type="stmt" count="1"/>
        <line num="30" type="stmt" count="1"/>
        <line num="31" type="stmt" count="1"/>
        <line num="32" type="stmt" count="1"/>
        <line num="34" type="stmt" count="1"/>
        <line num="36" type="stmt" count="1"/>
        <line num="37" type="stmt" count="1"/>
        <line num="38" type="stmt" count="1"/>
        <line num="39" type="stmt" count="1"/>
        <line num="41" type="method" name="testGetAllSurveysErrorWithoutHttpClient" visibility="public" complexity="1" crap="1" count="1"/>
        <line num="43" type="stmt" count="1"/>
        <line num="44" type="stmt" count="1"/>
        <line num="45" type="stmt" count="1"/>
        <line num="46" type="stmt" count="1"/>
        <metrics loc="49" ncloc="49" classes="1" methods="2" coveredmethods="2" conditionals="0" coveredconditionals="0" statements="18" coveredstatements="18" elements="20" coveredelements="20"/>
      </file>
      <file name="/home/carlossouza/cf/atlas-web-framework-feedback-survey/src/Tests/Client/SurveyHttpTest.php">
        <class name="Tests\Client\SurveyHttpTest" namespace="Tests\Client">
          <metrics complexity="4" methods="4" coveredmethods="2" conditionals="0" coveredconditionals="0" statements="34" coveredstatements="32" elements="38" coveredelements="34"/>
        </class>
        <line num="14" type="method" name="testGetSurveyByRealm" visibility="public" complexity="1" crap="1" count="1"/>
        <line num="16" type="stmt" count="1"/>
        <line num="17" type="stmt" count="1"/>
        <line num="18" type="stmt" count="1"/>
        <line num="19" type="stmt" count="1"/>
        <line num="21" type="stmt" count="1"/>
        <line num="23" type="stmt" count="1"/>
        <line num="24" type="stmt" count="1"/>
        <line num="25" type="stmt" count="1"/>
        <line num="27" type="stmt" count="1"/>
        <line num="29" type="method" name="testGetSurveyByRealmError" visibility="public" complexity="1" crap="1.00" count="1"/>
        <line num="31" type="stmt" count="1"/>
        <line num="32" type="stmt" count="1"/>
        <line num="33" type="stmt" count="1"/>
        <line num="34" type="stmt" count="1"/>
        <line num="36" type="stmt" count="1"/>
        <line num="38" type="stmt" count="1"/>
        <line num="39" type="stmt" count="1"/>
        <line num="41" type="stmt" count="0"/>
        <line num="43" type="method" name="testGetSurveyById" visibility="public" complexity="1" crap="1" count="1"/>
        <line num="45" type="stmt" count="1"/>
        <line num="46" type="stmt" count="1"/>
        <line num="47" type="stmt" count="1"/>
        <line num="48" type="stmt" count="1"/>
        <line num="50" type="stmt" count="1"/>
        <line num="52" type="stmt" count="1"/>
        <line num="53" type="stmt" count="1"/>
        <line num="54" type="stmt" count="1"/>
        <line num="56" type="stmt" count="1"/>
        <line num="58" type="method" name="testGetSurveyByIdError" visibility="public" complexity="1" crap="1.00" count="1"/>
        <line num="60" type="stmt" count="1"/>
        <line num="61" type="stmt" count="1"/>
        <line num="62" type="stmt" count="1"/>
        <line num="63" type="stmt" count="1"/>
        <line num="65" type="stmt" count="1"/>
        <line num="67" type="stmt" count="1"/>
        <line num="68" type="stmt" count="1"/>
        <line num="70" type="stmt" count="0"/>
        <metrics loc="71" ncloc="71" classes="1" methods="4" coveredmethods="2" conditionals="0" coveredconditionals="0" statements="34" coveredstatements="32" elements="38" coveredelements="34"/>
      </file>
      <file name="/home/carlossouza/cf/atlas-web-framework-feedback-survey/src/Tests/Client/SurveyTest.php">
        <class name="Tests\Client\SurveyTest" namespace="Tests\Client">
          <metrics complexity="6" methods="6" coveredmethods="6" conditionals="0" coveredconditionals="0" statements="28" coveredstatements="28" elements="34" coveredelements="34"/>
        </class>
        <line num="11" type="method" name="testGetAllAnswers" visibility="public" complexity="1" crap="1" count="1"/>
        <line num="15" type="stmt" count="1"/>
        <line num="43" type="stmt" count="1"/>
        <line num="44" type="stmt" count="1"/>
        <line num="46" type="stmt" count="1"/>
        <line num="47" type="stmt" count="1"/>
        <line num="48" type="stmt" count="1"/>
        <line num="49" type="stmt" count="1"/>
        <line num="51" type="method" name="testGetAllSurveysErrorWithoutRealm" visibility="public" complexity="1" crap="1" count="1"/>
        <line num="53" type="stmt" count="1"/>
        <line num="54" type="stmt" count="1"/>
        <line num="56" type="stmt" count="1"/>
        <line num="57" type="stmt" count="1"/>
        <line num="60" type="method" name="testGetAllSurveysErrorWithoutHttpClient" visibility="public" complexity="1" crap="1" count="1"/>
        <line num="62" type="stmt" count="1"/>
        <line num="64" type="stmt" count="1"/>
        <line num="65" type="stmt" count="1"/>
        <line num="68" type="method" name="testAnswerByid" visibility="public" complexity="1" crap="1" count="1"/>
        <line num="71" type="stmt" count="1"/>
        <line num="86" type="stmt" count="1"/>
        <line num="87" type="stmt" count="1"/>
        <line num="89" type="stmt" count="1"/>
        <line num="90" type="stmt" count="1"/>
        <line num="91" type="stmt" count="1"/>
        <line num="92" type="stmt" count="1"/>
        <line num="94" type="method" name="testGetSurveyByIdErrorWithoutRealm" visibility="public" complexity="1" crap="1" count="1"/>
        <line num="96" type="stmt" count="1"/>
        <line num="97" type="stmt" count="1"/>
        <line num="99" type="stmt" count="1"/>
        <line num="100" type="stmt" count="1"/>
        <line num="103" type="method" name="testGetSurveyByIdErrorWithoutHttpClient" visibility="public" complexity="1" crap="1" count="1"/>
        <line num="105" type="stmt" count="1"/>
        <line num="107" type="stmt" count="1"/>
        <line num="108" type="stmt" count="1"/>
        <metrics loc="110" ncloc="110" classes="1" methods="6" coveredmethods="6" conditionals="0" coveredconditionals="0" statements="28" coveredstatements="28" elements="34" coveredelements="34"/>
      </file>
      <file name="/home/carlossouza/cf/atlas-web-framework-feedback-survey/src/Tests/Helper/AnswerHelperTest.php">
        <class name="Tests\Client\AnswerHelperTest" namespace="Tests\Client">
          <metrics complexity="2" methods="2" coveredmethods="2" conditionals="0" coveredconditionals="0" statements="8" coveredstatements="8" elements="10" coveredelements="10"/>
        </class>
        <line num="11" type="method" name="testPostAnswer" visibility="public" complexity="1" crap="1" count="1"/>
        <line num="14" type="stmt" count="1"/>
        <line num="24" type="stmt" count="1"/>
        <line num="25" type="stmt" count="1"/>
        <line num="26" type="stmt" count="1"/>
        <line num="27" type="stmt" count="1"/>
        <line num="29" type="method" name="testGetAllSurveysErrorWithoutHttpClient" visibility="public" complexity="1" crap="1" count="1"/>
        <line num="31" type="stmt" count="1"/>
        <line num="32" type="stmt" count="1"/>
        <line num="33" type="stmt" count="1"/>
        <metrics loc="35" ncloc="35" classes="1" methods="2" coveredmethods="2" conditionals="0" coveredconditionals="0" statements="8" coveredstatements="8" elements="10" coveredelements="10"/>
      </file>
    </package>
    <metrics files="5" loc="326" ncloc="326" classes="5" methods="16" coveredmethods="13" conditionals="0" coveredconditionals="0" statements="107" coveredstatements="104" elements="123" coveredelements="117"/>
  </project>
</coverage>
